<?xml version="1.0" encoding="UTF-8"?>
<!-- Generated by org.testng.reporters.JUnitReportReporter -->
<testsuite skipped="0" hostname="HemaChavan-PC" name="basicAnnotations.TestNGClass4" tests="5" failures="0" timestamp="13 Jun 2019 15:38:25 GMT" time="0.072" errors="0">
  <testcase name="test" time="0.008" classname="basicAnnotations.TestNGClass4"/>
  <testcase name="test" time="0.035" classname="basicAnnotations.TestNGClass4"/>
  <testcase name="test" time="0.004" classname="basicAnnotations.TestNGClass4"/>
  <testcase name="test" time="0.018" classname="basicAnnotations.TestNGClass4"/>
  <testcase name="test" time="0.007" classname="basicAnnotations.TestNGClass4"/>
</testsuite> <!-- basicAnnotations.TestNGClass4 -->
