<?xml version="1.0" encoding="UTF-8"?>
<!-- Generated by org.testng.reporters.JUnitReportReporter -->
<testsuite skipped="0" hostname="HemaChavan-PC" name="BasicSelenium.launchbrowser" tests="1" failures="0" timestamp="17 Jun 2019 15:47:35 GMT" time="22.473" errors="0">
  <testcase name="login" time="22.473" classname="BasicSelenium.launchbrowser"/>
</testsuite> <!-- BasicSelenium.launchbrowser -->
