<?xml version="1.0" encoding="UTF-8"?>
<!-- Generated by org.testng.reporters.JUnitReportReporter -->
<testsuite skipped="0" hostname="HemaChavan-PC" name="basicAnnotations.TestNGClass5" tests="5" failures="0" timestamp="14 Jun 2019 14:04:38 GMT" time="0.053" errors="0">
  <testcase name="test" time="0.009" classname="basicAnnotations.TestNGClass5"/>
  <testcase name="test" time="0.020" classname="basicAnnotations.TestNGClass5"/>
  <testcase name="test" time="0.003" classname="basicAnnotations.TestNGClass5"/>
  <testcase name="test" time="0.009" classname="basicAnnotations.TestNGClass5"/>
  <testcase name="test" time="0.012" classname="basicAnnotations.TestNGClass5"/>
</testsuite> <!-- basicAnnotations.TestNGClass5 -->
