<?xml version="1.0" encoding="UTF-8"?>
<!-- Generated by org.testng.reporters.JUnitReportReporter -->
<testsuite skipped="0" hostname="HemaChavan-PC" name="BasicSelenium.Pas4roundtrip" tests="1" failures="0" timestamp="17 Jun 2019 14:18:47 GMT" time="27.435" errors="0">
  <testcase name="login" time="27.435" classname="BasicSelenium.Pas4roundtrip"/>
</testsuite> <!-- BasicSelenium.Pas4roundtrip -->
