<?xml version="1.0" encoding="UTF-8"?>
<!-- Generated by org.testng.reporters.JUnitReportReporter -->
<testsuite skipped="0" hostname="HemaChavan-PC" name="BasicSelenium.Pas2roundtrip" tests="1" failures="0" timestamp="15 Jun 2019 16:21:04 GMT" time="24.701" errors="0">
  <testcase name="login" time="24.701" classname="BasicSelenium.Pas2roundtrip"/>
</testsuite> <!-- BasicSelenium.Pas2roundtrip -->
