<?xml version="1.0" encoding="UTF-8"?>
<!-- Generated by org.testng.reporters.JUnitReportReporter -->
<testsuite skipped="0" hostname="HemaChavan-PC" name="BasicSelenium.Pas4oneway" tests="1" failures="0" timestamp="15 Jun 2019 16:28:58 GMT" time="29.045" errors="0">
  <testcase name="login" time="29.045" classname="BasicSelenium.Pas4oneway"/>
</testsuite> <!-- BasicSelenium.Pas4oneway -->
