<?xml version="1.0" encoding="UTF-8"?>
<!-- Generated by org.testng.reporters.JUnitReportReporter -->
<testsuite skipped="0" hostname="HemaChavan-PC" name="BasicSelenium.seleniumclass3" tests="1" failures="0" timestamp="19 Jun 2019 14:31:55 GMT" time="94.648" errors="0">
  <testcase name="login" time="94.648" classname="BasicSelenium.seleniumclass3"/>
</testsuite> <!-- BasicSelenium.seleniumclass3 -->
