<?xml version="1.0" encoding="UTF-8"?>
<!-- Generated by org.testng.reporters.JUnitReportReporter -->
<testsuite skipped="0" hostname="HemaChavan-PC" name="basicAnnotations.TestNGClass3" tests="2" failures="0" timestamp="12 Jun 2019 16:02:39 GMT" time="0.015" errors="0">
  <testcase name="test3" time="0.000" classname="basicAnnotations.TestNGClass3"/>
  <testcase name="test3" time="0.015" classname="basicAnnotations.TestNGClass3"/>
</testsuite> <!-- basicAnnotations.TestNGClass3 -->
