<?xml version="1.0" encoding="UTF-8"?>
<!-- Generated by org.testng.reporters.JUnitReportReporter -->
<testsuite skipped="0" hostname="HemaChavan-PC" name="BasicSelenium.table_locator" tests="1" failures="0" timestamp="17 Jun 2019 16:07:42 GMT" time="21.616" errors="0">
  <testcase name="login" time="21.616" classname="BasicSelenium.table_locator"/>
</testsuite> <!-- BasicSelenium.table_locator -->
